<?xml version="1.0" encoding="UTF-8"?>
<testng-results skipped="0" failed="0" ignored="0" total="1" passed="1">
  <reporter-output>
  </reporter-output>
  <suite name="Suite" duration-ms="14287" started-at="2017-06-20T03:41:50Z" finished-at="2017-06-20T03:42:04Z">
    <groups>
    </groups>
    <test name="Test" duration-ms="14287" started-at="2017-06-20T03:41:50Z" finished-at="2017-06-20T03:42:04Z">
      <class name="JenkinsMavenTestNG">
        <test-method status="PASS" signature="sample()[pri:0, instance:JenkinsMavenTestNG@15530b9]" name="sample" duration-ms="14272" started-at="2017-06-20T09:11:50Z" finished-at="2017-06-20T09:12:04Z">
          <reporter-output>
          </reporter-output>
        </test-method> <!-- sample -->
      </class> <!-- JenkinsMavenTestNG -->
    </test> <!-- Test -->
  </suite> <!-- Suite -->
</testng-results>
